<?xml version="1.0" encoding="UTF-8"?>
<testsuite xmlns:xsi="http://www.w3.org/2001/XMLSchema-instance" xsi:noNamespaceSchemaLocation="https://maven.apache.org/surefire/maven-surefire-plugin/xsd/surefire-test-report-3.0.xsd" version="3.0" name="PracticeProblemTest" time="0.104" tests="20" errors="0" skipped="0" failures="0">
  <properties>
[...]
</properties>
  <testcase name="minTest1" classname="PracticeProblemTest" time="0.051"/>
  <testcase name="minTest2" classname="PracticeProblemTest" time="0"/>
  <testcase name="minTest3" classname="PracticeProblemTest" time="0"/>
  <testcase name="isLeapYearTest1" classname="PracticeProblemTest" time="0.001"/>
  <testcase name="isLeapYearTest2" classname="PracticeProblemTest" time="0"/>
  <testcase name="isLeapYearTest3" classname="PracticeProblemTest" time="0"/>
  <testcase name="isLeapYearTest4" classname="PracticeProblemTest" time="0.001"/>
  <testcase name="isLeapYearTest5" classname="PracticeProblemTest" time="0"/>
  <testcase name="isLeapYearTest6" classname="PracticeProblemTest" time="0"/>
  <testcase name="isLeapYearTest7" classname="PracticeProblemTest" time="0.001"/>
  <testcase name="pluralizeTest1" classname="PracticeProblemTest" time="0.004"/>
  <testcase name="pluralizeTest2" classname="PracticeProblemTest" time="0.002"/>
  <testcase name="pluralizeTest3" classname="PracticeProblemTest" time="0.001"/>
  <testcase name="pluralizeTest4" classname="PracticeProblemTest" time="0.001"/>
  <testcase name="pluralizeTest5" classname="PracticeProblemTest" time="0.001"/>
  <testcase name="pluralizeTest6" classname="PracticeProblemTest" time="0"/>
  <testcase name="pluralizeTest7" classname="PracticeProblemTest" time="0.002"/>
  <testcase name="pluralizeTest8" classname="PracticeProblemTest" time="0"/>
  <testcase name="pluralizeTest9" classname="PracticeProblemTest" time="0"/>
  <testcase name="pluralizeTest10" classname="PracticeProblemTest" time="0.001"/>
</testsuite>